2019-05-08 15:07:42,847 DEBUG    root            Loaded Command Group: [u'gcloud', u'app']
2019-05-08 15:07:42,848 DEBUG    root            Loaded Command Group: [u'gcloud', u'app', u'logs']
2019-05-08 15:07:42,888 DEBUG    root            Loaded Command Group: [u'gcloud', u'app', u'logs', u'tail']
2019-05-08 15:07:42,891 DEBUG    root            Running [gcloud.app.logs.tail] with arguments: [--service: "default"]
2019-05-08 15:07:42,893 INFO     ___FILE_ONLY___ Waiting for new log entries...

2019-05-08 15:07:49,958 INFO     ___FILE_ONLY___ 2019-05-08 14:41:30 default[20190508t144048]  "GET / HTTP/1.1" 500

2019-05-08 15:07:49,959 INFO     ___FILE_ONLY___ 2019-05-08 14:41:44 default[20190508t144048]  "GET /favicon.ico HTTP/1.1" 500

2019-05-08 15:07:49,960 INFO     ___FILE_ONLY___ 2019-05-08 14:43:11 default[20190508t144048]  "GET /home HTTP/1.1" 500

2019-05-08 15:07:49,960 INFO     ___FILE_ONLY___ 2019-05-08 14:43:12 default[20190508t144048]  "GET /favicon.ico HTTP/1.1" 500

2019-05-08 15:07:49,961 INFO     ___FILE_ONLY___ 2019-05-08 14:43:15 default[20190508t144048]  "GET /home HTTP/1.1" 500

2019-05-08 15:07:49,961 INFO     ___FILE_ONLY___ 2019-05-08 14:43:16 default[20190508t144048]  "GET /favicon.ico HTTP/1.1" 500

2019-05-08 15:07:49,962 INFO     ___FILE_ONLY___ 2019-05-08 14:43:17 default[20190508t144048]  "GET /home HTTP/1.1" 500

2019-05-08 15:07:49,962 INFO     ___FILE_ONLY___ 2019-05-08 14:43:18 default[20190508t144048]  "GET /favicon.ico HTTP/1.1" 500

2019-05-08 15:07:49,963 INFO     ___FILE_ONLY___ 2019-05-08 14:45:21 default[20190508t144443]  "GET / HTTP/1.1" 500

2019-05-08 15:07:49,963 INFO     ___FILE_ONLY___ 2019-05-08 14:45:25 default[20190508t144443]  "GET /favicon.ico HTTP/1.1" 500

2019-05-08 15:07:49,964 INFO     ___FILE_ONLY___ 2019-05-08 14:45:36 default[20190508t144443]  "GET / HTTP/1.1" 500

2019-05-08 15:07:49,964 INFO     ___FILE_ONLY___ 2019-05-08 14:45:37 default[20190508t144443]  "GET /favicon.ico HTTP/1.1" 500

2019-05-08 15:07:49,965 INFO     ___FILE_ONLY___ 2019-05-08 14:45:48 default[20190508t144443]  "GET / HTTP/1.1" 500

2019-05-08 15:07:49,965 INFO     ___FILE_ONLY___ 2019-05-08 14:45:48 default[20190508t144443]  "GET /favicon.ico HTTP/1.1" 500

2019-05-08 15:07:49,966 INFO     ___FILE_ONLY___ 2019-05-08 14:47:36 default[20190508t144443]  "GET / HTTP/1.1" 500

2019-05-08 15:07:49,966 INFO     ___FILE_ONLY___ 2019-05-08 14:47:36 default[20190508t144443]  "GET /favicon.ico HTTP/1.1" 500

2019-05-08 15:07:49,966 INFO     ___FILE_ONLY___ 2019-05-08 14:53:15 default[20190508t144654]  "GET / HTTP/1.1" 500

2019-05-08 15:07:49,967 INFO     ___FILE_ONLY___ 2019-05-08 14:53:17 default[20190508t144654]  "GET /favicon.ico HTTP/1.1" 500

2019-05-08 15:07:49,967 INFO     ___FILE_ONLY___ 2019-05-08 14:54:37 default[20190508t144654]  "GET / HTTP/1.1" 500

2019-05-08 15:07:49,968 INFO     ___FILE_ONLY___ 2019-05-08 14:54:38 default[20190508t144654]  "GET /favicon.ico HTTP/1.1" 500

2019-05-08 15:07:49,968 INFO     ___FILE_ONLY___ 2019-05-08 14:54:59 default[20190508t144654]  "GET / HTTP/1.1" 500

2019-05-08 15:07:49,969 INFO     ___FILE_ONLY___ 2019-05-08 14:54:59 default[20190508t144654]  "GET /favicon.ico HTTP/1.1" 500

2019-05-08 15:07:49,969 INFO     ___FILE_ONLY___ 2019-05-08 14:55:40 default[20190508t144654]  "GET /favicon.ico HTTP/1.1" 500

2019-05-08 15:07:49,970 INFO     ___FILE_ONLY___ 2019-05-08 14:55:41 default[20190508t144654]  "GET /favicon.ico HTTP/1.1" 500

2019-05-08 15:07:49,970 INFO     ___FILE_ONLY___ 2019-05-08 15:04:20 default[20190508t144654]  "GET / HTTP/1.1" 500

2019-05-08 15:07:49,971 INFO     ___FILE_ONLY___ 2019-05-08 15:04:21 default[20190508t144654]  "GET /favicon.ico HTTP/1.1" 500

2019-05-08 15:08:13,263 INFO     ___FILE_ONLY___ 2019-05-08 15:07:57 default[20190508t150602]  "GET / HTTP/1.1" 500

2019-05-08 15:08:13,263 INFO     ___FILE_ONLY___ 2019-05-08 15:08:01 default[20190508t150602]  "GET / HTTP/1.1" 500

2019-05-08 15:08:13,264 INFO     ___FILE_ONLY___ 2019-05-08 15:08:05 default[20190508t150602]  "GET /favicon.ico HTTP/1.1" 500

2019-05-08 15:08:26,589 INFO     ___FILE_ONLY___ 2019-05-08 15:08:17 default[20190508t150602]  "GET / HTTP/1.1" 500

2019-05-08 15:08:26,590 INFO     ___FILE_ONLY___ 2019-05-08 15:08:18 default[20190508t150602]  "GET /favicon.ico HTTP/1.1" 500

2019-05-08 15:09:17,410 INFO     ___FILE_ONLY___ 

Command killed by keyboard interrupt


