2019-05-08 15:20:40,903 DEBUG    root            Loaded Command Group: [u'gcloud', u'app']
2019-05-08 15:20:40,905 DEBUG    root            Loaded Command Group: [u'gcloud', u'app', u'logs']
2019-05-08 15:20:40,940 DEBUG    root            Loaded Command Group: [u'gcloud', u'app', u'logs', u'tail']
2019-05-08 15:20:40,943 DEBUG    root            Running [gcloud.app.logs.tail] with arguments: [--service: "default"]
2019-05-08 15:20:40,945 INFO     ___FILE_ONLY___ Waiting for new log entries...

2019-05-08 15:20:42,619 INFO     ___FILE_ONLY___ 2019-05-08 14:41:30 default[20190508t144048]  "GET / HTTP/1.1" 500

2019-05-08 15:20:42,620 INFO     ___FILE_ONLY___ 2019-05-08 14:41:44 default[20190508t144048]  "GET /favicon.ico HTTP/1.1" 500

2019-05-08 15:20:42,620 INFO     ___FILE_ONLY___ 2019-05-08 14:43:11 default[20190508t144048]  "GET /home HTTP/1.1" 500

2019-05-08 15:20:42,621 INFO     ___FILE_ONLY___ 2019-05-08 14:43:12 default[20190508t144048]  "GET /favicon.ico HTTP/1.1" 500

2019-05-08 15:20:42,621 INFO     ___FILE_ONLY___ 2019-05-08 14:43:15 default[20190508t144048]  "GET /home HTTP/1.1" 500

2019-05-08 15:20:42,622 INFO     ___FILE_ONLY___ 2019-05-08 14:43:16 default[20190508t144048]  "GET /favicon.ico HTTP/1.1" 500

2019-05-08 15:20:42,622 INFO     ___FILE_ONLY___ 2019-05-08 14:43:17 default[20190508t144048]  "GET /home HTTP/1.1" 500

2019-05-08 15:20:42,622 INFO     ___FILE_ONLY___ 2019-05-08 14:43:18 default[20190508t144048]  "GET /favicon.ico HTTP/1.1" 500

2019-05-08 15:20:42,623 INFO     ___FILE_ONLY___ 2019-05-08 14:45:21 default[20190508t144443]  "GET / HTTP/1.1" 500

2019-05-08 15:20:42,623 INFO     ___FILE_ONLY___ 2019-05-08 14:45:25 default[20190508t144443]  "GET /favicon.ico HTTP/1.1" 500

2019-05-08 15:20:42,624 INFO     ___FILE_ONLY___ 2019-05-08 14:45:36 default[20190508t144443]  "GET / HTTP/1.1" 500

2019-05-08 15:20:42,624 INFO     ___FILE_ONLY___ 2019-05-08 14:45:37 default[20190508t144443]  "GET /favicon.ico HTTP/1.1" 500

2019-05-08 15:20:42,625 INFO     ___FILE_ONLY___ 2019-05-08 14:45:48 default[20190508t144443]  "GET / HTTP/1.1" 500

2019-05-08 15:20:42,625 INFO     ___FILE_ONLY___ 2019-05-08 14:45:48 default[20190508t144443]  "GET /favicon.ico HTTP/1.1" 500

2019-05-08 15:20:42,626 INFO     ___FILE_ONLY___ 2019-05-08 14:47:36 default[20190508t144443]  "GET / HTTP/1.1" 500

2019-05-08 15:20:42,626 INFO     ___FILE_ONLY___ 2019-05-08 14:47:36 default[20190508t144443]  "GET /favicon.ico HTTP/1.1" 500

2019-05-08 15:20:42,627 INFO     ___FILE_ONLY___ 2019-05-08 14:53:15 default[20190508t144654]  "GET / HTTP/1.1" 500

2019-05-08 15:20:42,627 INFO     ___FILE_ONLY___ 2019-05-08 14:53:17 default[20190508t144654]  "GET /favicon.ico HTTP/1.1" 500

2019-05-08 15:20:42,628 INFO     ___FILE_ONLY___ 2019-05-08 14:54:37 default[20190508t144654]  "GET / HTTP/1.1" 500

2019-05-08 15:20:42,628 INFO     ___FILE_ONLY___ 2019-05-08 14:54:38 default[20190508t144654]  "GET /favicon.ico HTTP/1.1" 500

2019-05-08 15:20:42,629 INFO     ___FILE_ONLY___ 2019-05-08 14:54:59 default[20190508t144654]  "GET / HTTP/1.1" 500

2019-05-08 15:20:42,629 INFO     ___FILE_ONLY___ 2019-05-08 14:54:59 default[20190508t144654]  "GET /favicon.ico HTTP/1.1" 500

2019-05-08 15:20:42,629 INFO     ___FILE_ONLY___ 2019-05-08 14:55:40 default[20190508t144654]  "GET /favicon.ico HTTP/1.1" 500

2019-05-08 15:20:42,630 INFO     ___FILE_ONLY___ 2019-05-08 14:55:41 default[20190508t144654]  "GET /favicon.ico HTTP/1.1" 500

2019-05-08 15:20:42,630 INFO     ___FILE_ONLY___ 2019-05-08 15:04:20 default[20190508t144654]  "GET / HTTP/1.1" 500

2019-05-08 15:20:42,631 INFO     ___FILE_ONLY___ 2019-05-08 15:04:21 default[20190508t144654]  "GET /favicon.ico HTTP/1.1" 500

2019-05-08 15:20:42,631 INFO     ___FILE_ONLY___ 2019-05-08 15:07:57 default[20190508t150602]  "GET / HTTP/1.1" 500

2019-05-08 15:20:42,632 INFO     ___FILE_ONLY___ 2019-05-08 15:08:01 default[20190508t150602]  "GET / HTTP/1.1" 500

2019-05-08 15:20:42,632 INFO     ___FILE_ONLY___ 2019-05-08 15:08:05 default[20190508t150602]  "GET /favicon.ico HTTP/1.1" 500

2019-05-08 15:20:42,633 INFO     ___FILE_ONLY___ 2019-05-08 15:08:17 default[20190508t150602]  "GET / HTTP/1.1" 500

2019-05-08 15:20:42,633 INFO     ___FILE_ONLY___ 2019-05-08 15:08:18 default[20190508t150602]  "GET /favicon.ico HTTP/1.1" 500

2019-05-08 15:20:42,634 INFO     ___FILE_ONLY___ 2019-05-08 15:11:16 default[20190508t150602]  "GET / HTTP/1.1" 500

2019-05-08 15:20:42,634 INFO     ___FILE_ONLY___ 2019-05-08 15:11:17 default[20190508t150602]  "GET /favicon.ico HTTP/1.1" 500

2019-05-08 15:20:42,635 INFO     ___FILE_ONLY___ 2019-05-08 15:20:29 default[20190508t151939]  "GET / HTTP/1.1" 500

2019-05-08 15:20:42,635 INFO     ___FILE_ONLY___ 2019-05-08 15:20:33 default[20190508t151939]  "GET /favicon.ico HTTP/1.1" 500

2019-05-08 15:20:54,322 INFO     ___FILE_ONLY___ 2019-05-08 15:20:42 default[20190508t151939]  "GET / HTTP/1.1" 500

2019-05-08 15:20:54,323 INFO     ___FILE_ONLY___ 2019-05-08 15:20:43 default[20190508t151939]  "GET /favicon.ico HTTP/1.1" 500

2019-05-08 15:20:55,156 INFO     ___FILE_ONLY___ 

Command killed by keyboard interrupt


