2019-05-08 20:16:05,620 DEBUG    root            Loaded Command Group: [u'gcloud', u'sql']
2019-05-08 20:16:05,622 DEBUG    root            Loaded Command Group: [u'gcloud', u'sql', u'instances']
2019-05-08 20:16:05,625 DEBUG    root            Loaded Command Group: [u'gcloud', u'sql', u'instances', u'describe']
2019-05-08 20:16:05,628 DEBUG    root            Running [gcloud.sql.instances.describe] with arguments: [INSTANCE: "all-sensors"]
2019-05-08 20:16:05,743 INFO     root            Display format: "
  :(settings.userLabels:alias=labels:label=LABELS)
 default"
2019-05-08 20:16:05,747 INFO     ___FILE_ONLY___ backendType
2019-05-08 20:16:05,747 INFO     ___FILE_ONLY___ :
2019-05-08 20:16:05,747 INFO     ___FILE_ONLY___  
2019-05-08 20:16:05,747 INFO     ___FILE_ONLY___ SECOND_GEN
2019-05-08 20:16:05,747 INFO     ___FILE_ONLY___ 

2019-05-08 20:16:05,748 INFO     ___FILE_ONLY___ connectionName
2019-05-08 20:16:05,748 INFO     ___FILE_ONLY___ :
2019-05-08 20:16:05,748 INFO     ___FILE_ONLY___  
2019-05-08 20:16:05,748 INFO     ___FILE_ONLY___ cie-smart-city:us-central1:all-sensors
2019-05-08 20:16:05,748 INFO     ___FILE_ONLY___ 

2019-05-08 20:16:05,748 INFO     ___FILE_ONLY___ databaseVersion
2019-05-08 20:16:05,748 INFO     ___FILE_ONLY___ :
2019-05-08 20:16:05,749 INFO     ___FILE_ONLY___  
2019-05-08 20:16:05,749 INFO     ___FILE_ONLY___ MYSQL_5_7
2019-05-08 20:16:05,749 INFO     ___FILE_ONLY___ 

2019-05-08 20:16:05,749 INFO     ___FILE_ONLY___ etag
2019-05-08 20:16:05,751 INFO     ___FILE_ONLY___ :
2019-05-08 20:16:05,751 INFO     ___FILE_ONLY___  
2019-05-08 20:16:05,752 INFO     ___FILE_ONLY___ 37021d3a227056a7251c9f3baca572c4c61c7603088de1a5f33feb5c3acd3699
2019-05-08 20:16:05,752 INFO     ___FILE_ONLY___ 

2019-05-08 20:16:05,752 INFO     ___FILE_ONLY___ gceZone
2019-05-08 20:16:05,752 INFO     ___FILE_ONLY___ :
2019-05-08 20:16:05,752 INFO     ___FILE_ONLY___  
2019-05-08 20:16:05,752 INFO     ___FILE_ONLY___ us-central1-c
2019-05-08 20:16:05,752 INFO     ___FILE_ONLY___ 

2019-05-08 20:16:05,752 INFO     ___FILE_ONLY___ instanceType
2019-05-08 20:16:05,753 INFO     ___FILE_ONLY___ :
2019-05-08 20:16:05,753 INFO     ___FILE_ONLY___  
2019-05-08 20:16:05,753 INFO     ___FILE_ONLY___ CLOUD_SQL_INSTANCE
2019-05-08 20:16:05,753 INFO     ___FILE_ONLY___ 

2019-05-08 20:16:05,753 INFO     ___FILE_ONLY___ ipAddresses
2019-05-08 20:16:05,753 INFO     ___FILE_ONLY___ :
2019-05-08 20:16:05,754 INFO     ___FILE_ONLY___ 

2019-05-08 20:16:05,754 INFO     ___FILE_ONLY___ -
2019-05-08 20:16:05,754 INFO     ___FILE_ONLY___  
2019-05-08 20:16:05,754 INFO     ___FILE_ONLY___ ipAddress
2019-05-08 20:16:05,754 INFO     ___FILE_ONLY___ :
2019-05-08 20:16:05,754 INFO     ___FILE_ONLY___  
2019-05-08 20:16:05,754 INFO     ___FILE_ONLY___ 35.193.167.78
2019-05-08 20:16:05,754 INFO     ___FILE_ONLY___ 

2019-05-08 20:16:05,754 INFO     ___FILE_ONLY___   
2019-05-08 20:16:05,755 INFO     ___FILE_ONLY___ type
2019-05-08 20:16:05,755 INFO     ___FILE_ONLY___ :
2019-05-08 20:16:05,755 INFO     ___FILE_ONLY___  
2019-05-08 20:16:05,755 INFO     ___FILE_ONLY___ PRIMARY
2019-05-08 20:16:05,755 INFO     ___FILE_ONLY___ 

2019-05-08 20:16:05,755 INFO     ___FILE_ONLY___ kind
2019-05-08 20:16:05,755 INFO     ___FILE_ONLY___ :
2019-05-08 20:16:05,755 INFO     ___FILE_ONLY___  
2019-05-08 20:16:05,755 INFO     ___FILE_ONLY___ sql#instance
2019-05-08 20:16:05,756 INFO     ___FILE_ONLY___ 

2019-05-08 20:16:05,756 INFO     ___FILE_ONLY___ name
2019-05-08 20:16:05,756 INFO     ___FILE_ONLY___ :
2019-05-08 20:16:05,756 INFO     ___FILE_ONLY___  
2019-05-08 20:16:05,756 INFO     ___FILE_ONLY___ all-sensors
2019-05-08 20:16:05,756 INFO     ___FILE_ONLY___ 

2019-05-08 20:16:05,756 INFO     ___FILE_ONLY___ project
2019-05-08 20:16:05,756 INFO     ___FILE_ONLY___ :
2019-05-08 20:16:05,756 INFO     ___FILE_ONLY___  
2019-05-08 20:16:05,757 INFO     ___FILE_ONLY___ cie-smart-city
2019-05-08 20:16:05,757 INFO     ___FILE_ONLY___ 

2019-05-08 20:16:05,757 INFO     ___FILE_ONLY___ region
2019-05-08 20:16:05,757 INFO     ___FILE_ONLY___ :
2019-05-08 20:16:05,757 INFO     ___FILE_ONLY___  
2019-05-08 20:16:05,757 INFO     ___FILE_ONLY___ us-central1
2019-05-08 20:16:05,757 INFO     ___FILE_ONLY___ 

2019-05-08 20:16:05,757 INFO     ___FILE_ONLY___ selfLink
2019-05-08 20:16:05,757 INFO     ___FILE_ONLY___ :
2019-05-08 20:16:05,757 INFO     ___FILE_ONLY___  
2019-05-08 20:16:05,758 INFO     ___FILE_ONLY___ https://www.googleapis.com/sql/v1beta4/projects/cie-smart-city/instances/all-sensors
2019-05-08 20:16:05,758 INFO     ___FILE_ONLY___ 

2019-05-08 20:16:05,758 INFO     ___FILE_ONLY___ serverCaCert
2019-05-08 20:16:05,758 INFO     ___FILE_ONLY___ :
2019-05-08 20:16:05,758 INFO     ___FILE_ONLY___ 

2019-05-08 20:16:05,758 INFO     ___FILE_ONLY___   
2019-05-08 20:16:05,758 INFO     ___FILE_ONLY___ cert
2019-05-08 20:16:05,758 INFO     ___FILE_ONLY___ :
2019-05-08 20:16:05,759 INFO     ___FILE_ONLY___  |-
2019-05-08 20:16:05,759 INFO     ___FILE_ONLY___ 

2019-05-08 20:16:05,759 INFO     ___FILE_ONLY___     
2019-05-08 20:16:05,759 INFO     ___FILE_ONLY___ -----BEGIN CERTIFICATE-----
2019-05-08 20:16:05,760 INFO     ___FILE_ONLY___ 

2019-05-08 20:16:05,760 INFO     ___FILE_ONLY___     
2019-05-08 20:16:05,760 INFO     ___FILE_ONLY___ MIIDfzCCAmegAwIBAgIBADANBgkqhkiG9w0BAQsFADB3MS0wKwYDVQQuEyQyNjNl
2019-05-08 20:16:05,760 INFO     ___FILE_ONLY___ 

2019-05-08 20:16:05,760 INFO     ___FILE_ONLY___     
2019-05-08 20:16:05,760 INFO     ___FILE_ONLY___ N2ViYS02M2JmLTQyMzQtOWM5Ny1jN2NjOGRiOWYyMzcxIzAhBgNVBAMTGkdvb2ds
2019-05-08 20:16:05,760 INFO     ___FILE_ONLY___ 

2019-05-08 20:16:05,760 INFO     ___FILE_ONLY___     
2019-05-08 20:16:05,760 INFO     ___FILE_ONLY___ ZSBDbG91ZCBTUUwgU2VydmVyIENBMRQwEgYDVQQKEwtHb29nbGUsIEluYzELMAkG
2019-05-08 20:16:05,760 INFO     ___FILE_ONLY___ 

2019-05-08 20:16:05,760 INFO     ___FILE_ONLY___     
2019-05-08 20:16:05,760 INFO     ___FILE_ONLY___ A1UEBhMCVVMwHhcNMTkwNTA2MDczNzA5WhcNMjkwNTAzMDczODA5WjB3MS0wKwYD
2019-05-08 20:16:05,761 INFO     ___FILE_ONLY___ 

2019-05-08 20:16:05,761 INFO     ___FILE_ONLY___     
2019-05-08 20:16:05,761 INFO     ___FILE_ONLY___ VQQuEyQyNjNlN2ViYS02M2JmLTQyMzQtOWM5Ny1jN2NjOGRiOWYyMzcxIzAhBgNV
2019-05-08 20:16:05,761 INFO     ___FILE_ONLY___ 

2019-05-08 20:16:05,761 INFO     ___FILE_ONLY___     
2019-05-08 20:16:05,761 INFO     ___FILE_ONLY___ BAMTGkdvb2dsZSBDbG91ZCBTUUwgU2VydmVyIENBMRQwEgYDVQQKEwtHb29nbGUs
2019-05-08 20:16:05,761 INFO     ___FILE_ONLY___ 

2019-05-08 20:16:05,761 INFO     ___FILE_ONLY___     
2019-05-08 20:16:05,761 INFO     ___FILE_ONLY___ IEluYzELMAkGA1UEBhMCVVMwggEiMA0GCSqGSIb3DQEBAQUAA4IBDwAwggEKAoIB
2019-05-08 20:16:05,761 INFO     ___FILE_ONLY___ 

2019-05-08 20:16:05,761 INFO     ___FILE_ONLY___     
2019-05-08 20:16:05,762 INFO     ___FILE_ONLY___ AQCFEIkI+WA4ivQiCdGplcki2EVsnccXHXRFA1NECts7tZUjJLK6qZTz/ldWrbcJ
2019-05-08 20:16:05,762 INFO     ___FILE_ONLY___ 

2019-05-08 20:16:05,762 INFO     ___FILE_ONLY___     
2019-05-08 20:16:05,762 INFO     ___FILE_ONLY___ SS5nAQOSKs38aSk6s09oWClYGeakCgcxvQyPMYrl5r8UACwiAvaQR9HwezD+hz5S
2019-05-08 20:16:05,762 INFO     ___FILE_ONLY___ 

2019-05-08 20:16:05,762 INFO     ___FILE_ONLY___     
2019-05-08 20:16:05,762 INFO     ___FILE_ONLY___ 7Kg5gQtrbNeJTAQ3gn9SwNGrjtGPDkq5UvzCarHJrRJ7iHcPoAk9CovaC3prjJGk
2019-05-08 20:16:05,762 INFO     ___FILE_ONLY___ 

2019-05-08 20:16:05,762 INFO     ___FILE_ONLY___     
2019-05-08 20:16:05,762 INFO     ___FILE_ONLY___ Xr30TdrglbymaUN38tjgpR6SLn7PD7IcWDW1ovEG3Y1PSwyXkaEBjYCLHQHsd1Lp
2019-05-08 20:16:05,762 INFO     ___FILE_ONLY___ 

2019-05-08 20:16:05,762 INFO     ___FILE_ONLY___     
2019-05-08 20:16:05,763 INFO     ___FILE_ONLY___ miTmbLBeqqAYjvFSpBBWAOWodPtLuQOzUCaJuVWXlQGOqRiiveM7RuIBOkhNHlBj
2019-05-08 20:16:05,763 INFO     ___FILE_ONLY___ 

2019-05-08 20:16:05,763 INFO     ___FILE_ONLY___     
2019-05-08 20:16:05,763 INFO     ___FILE_ONLY___ WQZJvJ4Yo3D5+IDwdTIMIG/DAgMBAAGjFjAUMBIGA1UdEwEB/wQIMAYBAf8CAQAw
2019-05-08 20:16:05,763 INFO     ___FILE_ONLY___ 

2019-05-08 20:16:05,763 INFO     ___FILE_ONLY___     
2019-05-08 20:16:05,763 INFO     ___FILE_ONLY___ DQYJKoZIhvcNAQELBQADggEBACjdqjUh+f0FQrwj0oQFQi6LNLgXusK6LhgeF3ge
2019-05-08 20:16:05,763 INFO     ___FILE_ONLY___ 

2019-05-08 20:16:05,763 INFO     ___FILE_ONLY___     
2019-05-08 20:16:05,763 INFO     ___FILE_ONLY___ UZC8GEVlX3vpvNmXVwH1NP3IhNhYg3zPjSTqW5BOvzfoZpupt8fGSYDfRTfZpKbA
2019-05-08 20:16:05,763 INFO     ___FILE_ONLY___ 

2019-05-08 20:16:05,764 INFO     ___FILE_ONLY___     
2019-05-08 20:16:05,764 INFO     ___FILE_ONLY___ jmg9h2gWsit2rTMg8AKA82N1oxtoiFZ6S8qIQetRoENhXGRS7bP5XsrFjgGMmAEd
2019-05-08 20:16:05,764 INFO     ___FILE_ONLY___ 

2019-05-08 20:16:05,764 INFO     ___FILE_ONLY___     
2019-05-08 20:16:05,764 INFO     ___FILE_ONLY___ lL/seV+njcEg2YfBg5TLSGHH+2hkpeyjjqNtiSW2GOLqUHpLR+k7N7VfF/ILcChB
2019-05-08 20:16:05,764 INFO     ___FILE_ONLY___ 

2019-05-08 20:16:05,764 INFO     ___FILE_ONLY___     
2019-05-08 20:16:05,764 INFO     ___FILE_ONLY___ zTcP3FINMnBeoBtXC3mSqTsc6qEDIzMjvU/CcYRgKCEn+Gi8M7ppBiZYIPi0wgf4
2019-05-08 20:16:05,764 INFO     ___FILE_ONLY___ 

2019-05-08 20:16:05,764 INFO     ___FILE_ONLY___     
2019-05-08 20:16:05,764 INFO     ___FILE_ONLY___ AOurMrtVT0gk4a6Z014QaaAEjrDS6A1haN1wFgN4YCh2M7g=
2019-05-08 20:16:05,764 INFO     ___FILE_ONLY___ 

2019-05-08 20:16:05,764 INFO     ___FILE_ONLY___     
2019-05-08 20:16:05,765 INFO     ___FILE_ONLY___ -----END CERTIFICATE-----
2019-05-08 20:16:05,765 INFO     ___FILE_ONLY___ 

2019-05-08 20:16:05,765 INFO     ___FILE_ONLY___   
2019-05-08 20:16:05,765 INFO     ___FILE_ONLY___ certSerialNumber
2019-05-08 20:16:05,765 INFO     ___FILE_ONLY___ :
2019-05-08 20:16:05,765 INFO     ___FILE_ONLY___  '
2019-05-08 20:16:05,765 INFO     ___FILE_ONLY___ 0
2019-05-08 20:16:05,765 INFO     ___FILE_ONLY___ '
2019-05-08 20:16:05,765 INFO     ___FILE_ONLY___ 

2019-05-08 20:16:05,765 INFO     ___FILE_ONLY___   
2019-05-08 20:16:05,765 INFO     ___FILE_ONLY___ commonName
2019-05-08 20:16:05,766 INFO     ___FILE_ONLY___ :
2019-05-08 20:16:05,766 INFO     ___FILE_ONLY___  
2019-05-08 20:16:05,766 INFO     ___FILE_ONLY___ C=US,O=Google\,
2019-05-08 20:16:05,766 INFO     ___FILE_ONLY___  
2019-05-08 20:16:05,766 INFO     ___FILE_ONLY___ Inc,CN=Google
2019-05-08 20:16:05,766 INFO     ___FILE_ONLY___  
2019-05-08 20:16:05,766 INFO     ___FILE_ONLY___ Cloud
2019-05-08 20:16:05,766 INFO     ___FILE_ONLY___  
2019-05-08 20:16:05,766 INFO     ___FILE_ONLY___ SQL
2019-05-08 20:16:05,766 INFO     ___FILE_ONLY___  
2019-05-08 20:16:05,766 INFO     ___FILE_ONLY___ Server
2019-05-08 20:16:05,766 INFO     ___FILE_ONLY___  
2019-05-08 20:16:05,766 INFO     ___FILE_ONLY___ CA,dnQualifier=263e7eba-63bf-4234-9c97-c7cc8db9f237
2019-05-08 20:16:05,766 INFO     ___FILE_ONLY___ 

2019-05-08 20:16:05,767 INFO     ___FILE_ONLY___   
2019-05-08 20:16:05,767 INFO     ___FILE_ONLY___ createTime
2019-05-08 20:16:05,767 INFO     ___FILE_ONLY___ :
2019-05-08 20:16:05,767 INFO     ___FILE_ONLY___  '
2019-05-08 20:16:05,767 INFO     ___FILE_ONLY___ 2019-05-06T07:37:09.525000+00:00
2019-05-08 20:16:05,767 INFO     ___FILE_ONLY___ '
2019-05-08 20:16:05,767 INFO     ___FILE_ONLY___ 

2019-05-08 20:16:05,767 INFO     ___FILE_ONLY___   
2019-05-08 20:16:05,767 INFO     ___FILE_ONLY___ expirationTime
2019-05-08 20:16:05,767 INFO     ___FILE_ONLY___ :
2019-05-08 20:16:05,768 INFO     ___FILE_ONLY___  '
2019-05-08 20:16:05,768 INFO     ___FILE_ONLY___ 2029-05-03T07:38:09.525000+00:00
2019-05-08 20:16:05,768 INFO     ___FILE_ONLY___ '
2019-05-08 20:16:05,768 INFO     ___FILE_ONLY___ 

2019-05-08 20:16:05,768 INFO     ___FILE_ONLY___   
2019-05-08 20:16:05,768 INFO     ___FILE_ONLY___ instance
2019-05-08 20:16:05,768 INFO     ___FILE_ONLY___ :
2019-05-08 20:16:05,768 INFO     ___FILE_ONLY___  
2019-05-08 20:16:05,768 INFO     ___FILE_ONLY___ all-sensors
2019-05-08 20:16:05,768 INFO     ___FILE_ONLY___ 

2019-05-08 20:16:05,768 INFO     ___FILE_ONLY___   
2019-05-08 20:16:05,768 INFO     ___FILE_ONLY___ kind
2019-05-08 20:16:05,769 INFO     ___FILE_ONLY___ :
2019-05-08 20:16:05,769 INFO     ___FILE_ONLY___  
2019-05-08 20:16:05,769 INFO     ___FILE_ONLY___ sql#sslCert
2019-05-08 20:16:05,769 INFO     ___FILE_ONLY___ 

2019-05-08 20:16:05,769 INFO     ___FILE_ONLY___   
2019-05-08 20:16:05,769 INFO     ___FILE_ONLY___ sha1Fingerprint
2019-05-08 20:16:05,769 INFO     ___FILE_ONLY___ :
2019-05-08 20:16:05,769 INFO     ___FILE_ONLY___  
2019-05-08 20:16:05,769 INFO     ___FILE_ONLY___ 5e48f7ab4fed2c1e33dee5c7b6b882be78999a50
2019-05-08 20:16:05,769 INFO     ___FILE_ONLY___ 

2019-05-08 20:16:05,770 INFO     ___FILE_ONLY___ serviceAccountEmailAddress
2019-05-08 20:16:05,770 INFO     ___FILE_ONLY___ :
2019-05-08 20:16:05,770 INFO     ___FILE_ONLY___  
2019-05-08 20:16:05,770 INFO     ___FILE_ONLY___ p111320408594-5eyj88@gcp-sa-cloud-sql.iam.gserviceaccount.com
2019-05-08 20:16:05,770 INFO     ___FILE_ONLY___ 

2019-05-08 20:16:05,770 INFO     ___FILE_ONLY___ settings
2019-05-08 20:16:05,770 INFO     ___FILE_ONLY___ :
2019-05-08 20:16:05,770 INFO     ___FILE_ONLY___ 

2019-05-08 20:16:05,770 INFO     ___FILE_ONLY___   
2019-05-08 20:16:05,770 INFO     ___FILE_ONLY___ activationPolicy
2019-05-08 20:16:05,771 INFO     ___FILE_ONLY___ :
2019-05-08 20:16:05,771 INFO     ___FILE_ONLY___  
2019-05-08 20:16:05,771 INFO     ___FILE_ONLY___ ALWAYS
2019-05-08 20:16:05,771 INFO     ___FILE_ONLY___ 

2019-05-08 20:16:05,771 INFO     ___FILE_ONLY___   
2019-05-08 20:16:05,771 INFO     ___FILE_ONLY___ backupConfiguration
2019-05-08 20:16:05,771 INFO     ___FILE_ONLY___ :
2019-05-08 20:16:05,771 INFO     ___FILE_ONLY___ 

2019-05-08 20:16:05,771 INFO     ___FILE_ONLY___     
2019-05-08 20:16:05,771 INFO     ___FILE_ONLY___ binaryLogEnabled
2019-05-08 20:16:05,772 INFO     ___FILE_ONLY___ :
2019-05-08 20:16:05,772 INFO     ___FILE_ONLY___  
2019-05-08 20:16:05,772 INFO     ___FILE_ONLY___ true
2019-05-08 20:16:05,772 INFO     ___FILE_ONLY___ 

2019-05-08 20:16:05,772 INFO     ___FILE_ONLY___     
2019-05-08 20:16:05,772 INFO     ___FILE_ONLY___ enabled
2019-05-08 20:16:05,772 INFO     ___FILE_ONLY___ :
2019-05-08 20:16:05,772 INFO     ___FILE_ONLY___  
2019-05-08 20:16:05,772 INFO     ___FILE_ONLY___ true
2019-05-08 20:16:05,772 INFO     ___FILE_ONLY___ 

2019-05-08 20:16:05,772 INFO     ___FILE_ONLY___     
2019-05-08 20:16:05,773 INFO     ___FILE_ONLY___ kind
2019-05-08 20:16:05,773 INFO     ___FILE_ONLY___ :
2019-05-08 20:16:05,773 INFO     ___FILE_ONLY___  
2019-05-08 20:16:05,773 INFO     ___FILE_ONLY___ sql#backupConfiguration
2019-05-08 20:16:05,773 INFO     ___FILE_ONLY___ 

2019-05-08 20:16:05,773 INFO     ___FILE_ONLY___     
2019-05-08 20:16:05,773 INFO     ___FILE_ONLY___ startTime
2019-05-08 20:16:05,773 INFO     ___FILE_ONLY___ :
2019-05-08 20:16:05,773 INFO     ___FILE_ONLY___  
2019-05-08 20:16:05,773 INFO     ___FILE_ONLY___ 03:00
2019-05-08 20:16:05,773 INFO     ___FILE_ONLY___ 

2019-05-08 20:16:05,774 INFO     ___FILE_ONLY___   
2019-05-08 20:16:05,774 INFO     ___FILE_ONLY___ dataDiskSizeGb
2019-05-08 20:16:05,774 INFO     ___FILE_ONLY___ :
2019-05-08 20:16:05,774 INFO     ___FILE_ONLY___  '
2019-05-08 20:16:05,774 INFO     ___FILE_ONLY___ 10
2019-05-08 20:16:05,774 INFO     ___FILE_ONLY___ '
2019-05-08 20:16:05,774 INFO     ___FILE_ONLY___ 

2019-05-08 20:16:05,774 INFO     ___FILE_ONLY___   
2019-05-08 20:16:05,774 INFO     ___FILE_ONLY___ dataDiskType
2019-05-08 20:16:05,774 INFO     ___FILE_ONLY___ :
2019-05-08 20:16:05,774 INFO     ___FILE_ONLY___  
2019-05-08 20:16:05,774 INFO     ___FILE_ONLY___ PD_SSD
2019-05-08 20:16:05,775 INFO     ___FILE_ONLY___ 

2019-05-08 20:16:05,775 INFO     ___FILE_ONLY___   
2019-05-08 20:16:05,775 INFO     ___FILE_ONLY___ ipConfiguration
2019-05-08 20:16:05,775 INFO     ___FILE_ONLY___ :
2019-05-08 20:16:05,775 INFO     ___FILE_ONLY___ 

2019-05-08 20:16:05,775 INFO     ___FILE_ONLY___     
2019-05-08 20:16:05,775 INFO     ___FILE_ONLY___ authorizedNetworks
2019-05-08 20:16:05,775 INFO     ___FILE_ONLY___ :
2019-05-08 20:16:05,775 INFO     ___FILE_ONLY___ 

2019-05-08 20:16:05,776 INFO     ___FILE_ONLY___     
2019-05-08 20:16:05,776 INFO     ___FILE_ONLY___ -
2019-05-08 20:16:05,776 INFO     ___FILE_ONLY___  
2019-05-08 20:16:05,776 INFO     ___FILE_ONLY___ kind
2019-05-08 20:16:05,776 INFO     ___FILE_ONLY___ :
2019-05-08 20:16:05,776 INFO     ___FILE_ONLY___  
2019-05-08 20:16:05,776 INFO     ___FILE_ONLY___ sql#aclEntry
2019-05-08 20:16:05,776 INFO     ___FILE_ONLY___ 

2019-05-08 20:16:05,776 INFO     ___FILE_ONLY___       
2019-05-08 20:16:05,776 INFO     ___FILE_ONLY___ name
2019-05-08 20:16:05,776 INFO     ___FILE_ONLY___ :
2019-05-08 20:16:05,776 INFO     ___FILE_ONLY___  '
2019-05-08 20:16:05,776 INFO     ___FILE_ONLY___ '
2019-05-08 20:16:05,777 INFO     ___FILE_ONLY___ 

2019-05-08 20:16:05,777 INFO     ___FILE_ONLY___       
2019-05-08 20:16:05,777 INFO     ___FILE_ONLY___ value
2019-05-08 20:16:05,777 INFO     ___FILE_ONLY___ :
2019-05-08 20:16:05,777 INFO     ___FILE_ONLY___  
2019-05-08 20:16:05,777 INFO     ___FILE_ONLY___ 0.0.0.0/0
2019-05-08 20:16:05,777 INFO     ___FILE_ONLY___ 

2019-05-08 20:16:05,777 INFO     ___FILE_ONLY___     
2019-05-08 20:16:05,777 INFO     ___FILE_ONLY___ ipv4Enabled
2019-05-08 20:16:05,778 INFO     ___FILE_ONLY___ :
2019-05-08 20:16:05,778 INFO     ___FILE_ONLY___  
2019-05-08 20:16:05,778 INFO     ___FILE_ONLY___ true
2019-05-08 20:16:05,778 INFO     ___FILE_ONLY___ 

2019-05-08 20:16:05,778 INFO     ___FILE_ONLY___   
2019-05-08 20:16:05,778 INFO     ___FILE_ONLY___ kind
2019-05-08 20:16:05,778 INFO     ___FILE_ONLY___ :
2019-05-08 20:16:05,778 INFO     ___FILE_ONLY___  
2019-05-08 20:16:05,778 INFO     ___FILE_ONLY___ sql#settings
2019-05-08 20:16:05,778 INFO     ___FILE_ONLY___ 

2019-05-08 20:16:05,778 INFO     ___FILE_ONLY___   
2019-05-08 20:16:05,778 INFO     ___FILE_ONLY___ locationPreference
2019-05-08 20:16:05,779 INFO     ___FILE_ONLY___ :
2019-05-08 20:16:05,779 INFO     ___FILE_ONLY___ 

2019-05-08 20:16:05,779 INFO     ___FILE_ONLY___     
2019-05-08 20:16:05,779 INFO     ___FILE_ONLY___ kind
2019-05-08 20:16:05,779 INFO     ___FILE_ONLY___ :
2019-05-08 20:16:05,779 INFO     ___FILE_ONLY___  
2019-05-08 20:16:05,779 INFO     ___FILE_ONLY___ sql#locationPreference
2019-05-08 20:16:05,779 INFO     ___FILE_ONLY___ 

2019-05-08 20:16:05,779 INFO     ___FILE_ONLY___     
2019-05-08 20:16:05,779 INFO     ___FILE_ONLY___ zone
2019-05-08 20:16:05,780 INFO     ___FILE_ONLY___ :
2019-05-08 20:16:05,780 INFO     ___FILE_ONLY___  
2019-05-08 20:16:05,780 INFO     ___FILE_ONLY___ us-central1-c
2019-05-08 20:16:05,780 INFO     ___FILE_ONLY___ 

2019-05-08 20:16:05,780 INFO     ___FILE_ONLY___   
2019-05-08 20:16:05,780 INFO     ___FILE_ONLY___ maintenanceWindow
2019-05-08 20:16:05,780 INFO     ___FILE_ONLY___ :
2019-05-08 20:16:05,780 INFO     ___FILE_ONLY___ 

2019-05-08 20:16:05,780 INFO     ___FILE_ONLY___     
2019-05-08 20:16:05,780 INFO     ___FILE_ONLY___ day
2019-05-08 20:16:05,781 INFO     ___FILE_ONLY___ :
2019-05-08 20:16:05,781 INFO     ___FILE_ONLY___  
2019-05-08 20:16:05,781 INFO     ___FILE_ONLY___ 0
2019-05-08 20:16:05,781 INFO     ___FILE_ONLY___ 

2019-05-08 20:16:05,781 INFO     ___FILE_ONLY___     
2019-05-08 20:16:05,781 INFO     ___FILE_ONLY___ hour
2019-05-08 20:16:05,781 INFO     ___FILE_ONLY___ :
2019-05-08 20:16:05,781 INFO     ___FILE_ONLY___  
2019-05-08 20:16:05,781 INFO     ___FILE_ONLY___ 0
2019-05-08 20:16:05,781 INFO     ___FILE_ONLY___ 

2019-05-08 20:16:05,781 INFO     ___FILE_ONLY___     
2019-05-08 20:16:05,781 INFO     ___FILE_ONLY___ kind
2019-05-08 20:16:05,781 INFO     ___FILE_ONLY___ :
2019-05-08 20:16:05,782 INFO     ___FILE_ONLY___  
2019-05-08 20:16:05,782 INFO     ___FILE_ONLY___ sql#maintenanceWindow
2019-05-08 20:16:05,782 INFO     ___FILE_ONLY___ 

2019-05-08 20:16:05,782 INFO     ___FILE_ONLY___   
2019-05-08 20:16:05,782 INFO     ___FILE_ONLY___ pricingPlan
2019-05-08 20:16:05,782 INFO     ___FILE_ONLY___ :
2019-05-08 20:16:05,782 INFO     ___FILE_ONLY___  
2019-05-08 20:16:05,782 INFO     ___FILE_ONLY___ PER_USE
2019-05-08 20:16:05,782 INFO     ___FILE_ONLY___ 

2019-05-08 20:16:05,782 INFO     ___FILE_ONLY___   
2019-05-08 20:16:05,783 INFO     ___FILE_ONLY___ replicationType
2019-05-08 20:16:05,783 INFO     ___FILE_ONLY___ :
2019-05-08 20:16:05,783 INFO     ___FILE_ONLY___  
2019-05-08 20:16:05,783 INFO     ___FILE_ONLY___ SYNCHRONOUS
2019-05-08 20:16:05,783 INFO     ___FILE_ONLY___ 

2019-05-08 20:16:05,783 INFO     ___FILE_ONLY___   
2019-05-08 20:16:05,783 INFO     ___FILE_ONLY___ settingsVersion
2019-05-08 20:16:05,783 INFO     ___FILE_ONLY___ :
2019-05-08 20:16:05,783 INFO     ___FILE_ONLY___  '
2019-05-08 20:16:05,783 INFO     ___FILE_ONLY___ 23
2019-05-08 20:16:05,783 INFO     ___FILE_ONLY___ '
2019-05-08 20:16:05,783 INFO     ___FILE_ONLY___ 

2019-05-08 20:16:05,784 INFO     ___FILE_ONLY___   
2019-05-08 20:16:05,784 INFO     ___FILE_ONLY___ storageAutoResize
2019-05-08 20:16:05,784 INFO     ___FILE_ONLY___ :
2019-05-08 20:16:05,784 INFO     ___FILE_ONLY___  
2019-05-08 20:16:05,784 INFO     ___FILE_ONLY___ true
2019-05-08 20:16:05,784 INFO     ___FILE_ONLY___ 

2019-05-08 20:16:05,784 INFO     ___FILE_ONLY___   
2019-05-08 20:16:05,784 INFO     ___FILE_ONLY___ storageAutoResizeLimit
2019-05-08 20:16:05,784 INFO     ___FILE_ONLY___ :
2019-05-08 20:16:05,784 INFO     ___FILE_ONLY___  '
2019-05-08 20:16:05,784 INFO     ___FILE_ONLY___ 0
2019-05-08 20:16:05,785 INFO     ___FILE_ONLY___ '
2019-05-08 20:16:05,785 INFO     ___FILE_ONLY___ 

2019-05-08 20:16:05,785 INFO     ___FILE_ONLY___   
2019-05-08 20:16:05,785 INFO     ___FILE_ONLY___ tier
2019-05-08 20:16:05,785 INFO     ___FILE_ONLY___ :
2019-05-08 20:16:05,785 INFO     ___FILE_ONLY___  
2019-05-08 20:16:05,785 INFO     ___FILE_ONLY___ db-n1-standard-1
2019-05-08 20:16:05,785 INFO     ___FILE_ONLY___ 

2019-05-08 20:16:05,785 INFO     ___FILE_ONLY___ state
2019-05-08 20:16:05,785 INFO     ___FILE_ONLY___ :
2019-05-08 20:16:05,786 INFO     ___FILE_ONLY___  
2019-05-08 20:16:05,786 INFO     ___FILE_ONLY___ RUNNABLE
2019-05-08 20:16:05,786 INFO     ___FILE_ONLY___ 

2019-05-08 20:16:05,787 DEBUG    root            SDK update checks are disabled.
