2019-05-08 20:19:20,517 DEBUG    root            Loaded Command Group: [u'gcloud', u'app']
2019-05-08 20:19:20,519 DEBUG    root            Loaded Command Group: [u'gcloud', u'app', u'logs']
2019-05-08 20:19:20,553 DEBUG    root            Loaded Command Group: [u'gcloud', u'app', u'logs', u'tail']
2019-05-08 20:19:20,555 DEBUG    root            Running [gcloud.app.logs.tail] with arguments: [--service: "default"]
2019-05-08 20:19:20,557 INFO     ___FILE_ONLY___ Waiting for new log entries...

2019-05-08 20:19:23,609 INFO     ___FILE_ONLY___ 2019-05-08 14:41:30 default[20190508t144048]  "GET / HTTP/1.1" 500

2019-05-08 20:19:23,610 INFO     ___FILE_ONLY___ 2019-05-08 14:41:44 default[20190508t144048]  "GET /favicon.ico HTTP/1.1" 500

2019-05-08 20:19:23,611 INFO     ___FILE_ONLY___ 2019-05-08 14:43:11 default[20190508t144048]  "GET /home HTTP/1.1" 500

2019-05-08 20:19:23,611 INFO     ___FILE_ONLY___ 2019-05-08 14:43:12 default[20190508t144048]  "GET /favicon.ico HTTP/1.1" 500

2019-05-08 20:19:23,612 INFO     ___FILE_ONLY___ 2019-05-08 14:43:15 default[20190508t144048]  "GET /home HTTP/1.1" 500

2019-05-08 20:19:23,612 INFO     ___FILE_ONLY___ 2019-05-08 14:43:16 default[20190508t144048]  "GET /favicon.ico HTTP/1.1" 500

2019-05-08 20:19:23,613 INFO     ___FILE_ONLY___ 2019-05-08 14:43:17 default[20190508t144048]  "GET /home HTTP/1.1" 500

2019-05-08 20:19:23,613 INFO     ___FILE_ONLY___ 2019-05-08 14:43:18 default[20190508t144048]  "GET /favicon.ico HTTP/1.1" 500

2019-05-08 20:19:23,614 INFO     ___FILE_ONLY___ 2019-05-08 14:45:21 default[20190508t144443]  "GET / HTTP/1.1" 500

2019-05-08 20:19:23,614 INFO     ___FILE_ONLY___ 2019-05-08 14:45:25 default[20190508t144443]  "GET /favicon.ico HTTP/1.1" 500

2019-05-08 20:19:23,614 INFO     ___FILE_ONLY___ 2019-05-08 14:45:36 default[20190508t144443]  "GET / HTTP/1.1" 500

2019-05-08 20:19:23,615 INFO     ___FILE_ONLY___ 2019-05-08 14:45:37 default[20190508t144443]  "GET /favicon.ico HTTP/1.1" 500

2019-05-08 20:19:23,615 INFO     ___FILE_ONLY___ 2019-05-08 14:45:48 default[20190508t144443]  "GET / HTTP/1.1" 500

2019-05-08 20:19:23,616 INFO     ___FILE_ONLY___ 2019-05-08 14:45:48 default[20190508t144443]  "GET /favicon.ico HTTP/1.1" 500

2019-05-08 20:19:23,616 INFO     ___FILE_ONLY___ 2019-05-08 14:47:36 default[20190508t144443]  "GET / HTTP/1.1" 500

2019-05-08 20:19:23,617 INFO     ___FILE_ONLY___ 2019-05-08 14:47:36 default[20190508t144443]  "GET /favicon.ico HTTP/1.1" 500

2019-05-08 20:19:23,617 INFO     ___FILE_ONLY___ 2019-05-08 14:53:15 default[20190508t144654]  "GET / HTTP/1.1" 500

2019-05-08 20:19:23,618 INFO     ___FILE_ONLY___ 2019-05-08 14:53:17 default[20190508t144654]  "GET /favicon.ico HTTP/1.1" 500

2019-05-08 20:19:23,618 INFO     ___FILE_ONLY___ 2019-05-08 14:54:37 default[20190508t144654]  "GET / HTTP/1.1" 500

2019-05-08 20:19:23,618 INFO     ___FILE_ONLY___ 2019-05-08 14:54:38 default[20190508t144654]  "GET /favicon.ico HTTP/1.1" 500

2019-05-08 20:19:23,619 INFO     ___FILE_ONLY___ 2019-05-08 14:54:59 default[20190508t144654]  "GET / HTTP/1.1" 500

2019-05-08 20:19:23,619 INFO     ___FILE_ONLY___ 2019-05-08 14:54:59 default[20190508t144654]  "GET /favicon.ico HTTP/1.1" 500

2019-05-08 20:19:23,620 INFO     ___FILE_ONLY___ 2019-05-08 14:55:40 default[20190508t144654]  "GET /favicon.ico HTTP/1.1" 500

2019-05-08 20:19:23,620 INFO     ___FILE_ONLY___ 2019-05-08 14:55:41 default[20190508t144654]  "GET /favicon.ico HTTP/1.1" 500

2019-05-08 20:19:23,621 INFO     ___FILE_ONLY___ 2019-05-08 15:04:20 default[20190508t144654]  "GET / HTTP/1.1" 500

2019-05-08 20:19:23,621 INFO     ___FILE_ONLY___ 2019-05-08 15:04:21 default[20190508t144654]  "GET /favicon.ico HTTP/1.1" 500

2019-05-08 20:19:23,622 INFO     ___FILE_ONLY___ 2019-05-08 15:07:57 default[20190508t150602]  "GET / HTTP/1.1" 500

2019-05-08 20:19:23,622 INFO     ___FILE_ONLY___ 2019-05-08 15:08:01 default[20190508t150602]  "GET / HTTP/1.1" 500

2019-05-08 20:19:23,623 INFO     ___FILE_ONLY___ 2019-05-08 15:08:05 default[20190508t150602]  "GET /favicon.ico HTTP/1.1" 500

2019-05-08 20:19:23,623 INFO     ___FILE_ONLY___ 2019-05-08 15:08:17 default[20190508t150602]  "GET / HTTP/1.1" 500

2019-05-08 20:19:23,624 INFO     ___FILE_ONLY___ 2019-05-08 15:08:18 default[20190508t150602]  "GET /favicon.ico HTTP/1.1" 500

2019-05-08 20:19:23,624 INFO     ___FILE_ONLY___ 2019-05-08 15:11:16 default[20190508t150602]  "GET / HTTP/1.1" 500

2019-05-08 20:19:23,624 INFO     ___FILE_ONLY___ 2019-05-08 15:11:17 default[20190508t150602]  "GET /favicon.ico HTTP/1.1" 500

2019-05-08 20:19:23,625 INFO     ___FILE_ONLY___ 2019-05-08 15:20:29 default[20190508t151939]  "GET / HTTP/1.1" 500

2019-05-08 20:19:23,625 INFO     ___FILE_ONLY___ 2019-05-08 15:20:33 default[20190508t151939]  "GET /favicon.ico HTTP/1.1" 500

2019-05-08 20:19:23,626 INFO     ___FILE_ONLY___ 2019-05-08 15:20:42 default[20190508t151939]  "GET / HTTP/1.1" 500

2019-05-08 20:19:23,626 INFO     ___FILE_ONLY___ 2019-05-08 15:20:43 default[20190508t151939]  "GET /favicon.ico HTTP/1.1" 500

2019-05-08 20:19:23,627 INFO     ___FILE_ONLY___ 2019-05-08 15:22:17 default[20190508t152124]  "GET / HTTP/1.1" 500

2019-05-08 20:19:23,627 INFO     ___FILE_ONLY___ 2019-05-08 15:22:20 default[20190508t152124]  "GET /favicon.ico HTTP/1.1" 500

2019-05-08 20:19:23,628 INFO     ___FILE_ONLY___ 2019-05-08 15:23:33 default[20190508t152251]  "GET / HTTP/1.1" 500

2019-05-08 20:19:23,628 INFO     ___FILE_ONLY___ 2019-05-08 15:23:34 default[20190508t152251]  "GET / HTTP/1.1" 500

2019-05-08 20:19:23,628 INFO     ___FILE_ONLY___ 2019-05-08 15:23:37 default[20190508t152251]  "GET /favicon.ico HTTP/1.1" 500

2019-05-08 20:19:23,629 INFO     ___FILE_ONLY___ 2019-05-08 15:26:28 default[20190508t152530]  "GET / HTTP/1.1" 500

2019-05-08 20:19:23,629 INFO     ___FILE_ONLY___ 2019-05-08 15:26:33 default[20190508t152530]  "GET /favicon.ico HTTP/1.1" 500

2019-05-08 20:19:23,630 INFO     ___FILE_ONLY___ 2019-05-08 15:26:49 default[20190508t152530]  "GET / HTTP/1.1" 500

2019-05-08 20:19:23,630 INFO     ___FILE_ONLY___ 2019-05-08 15:26:50 default[20190508t152530]  "GET /favicon.ico HTTP/1.1" 500

2019-05-08 20:19:23,631 INFO     ___FILE_ONLY___ 2019-05-08 15:31:15 default[20190508t152530]  "GET / HTTP/1.1" 500

2019-05-08 20:19:23,631 INFO     ___FILE_ONLY___ 2019-05-08 15:31:16 default[20190508t152530]  "GET /favicon.ico HTTP/1.1" 500

2019-05-08 20:19:23,632 INFO     ___FILE_ONLY___ 2019-05-08 15:31:35 default[20190508t153029]  "GET / HTTP/1.1" 500

2019-05-08 20:19:23,632 INFO     ___FILE_ONLY___ 2019-05-08 15:31:40 default[20190508t153029]  "GET /favicon.ico HTTP/1.1" 500

2019-05-08 20:19:23,633 INFO     ___FILE_ONLY___ 2019-05-08 15:34:47 default[20190508t153339]  "GET / HTTP/1.1" 500

2019-05-08 20:19:23,633 INFO     ___FILE_ONLY___ 2019-05-08 15:34:51 default[20190508t153339]  "GET /favicon.ico HTTP/1.1" 500

2019-05-08 20:19:23,633 INFO     ___FILE_ONLY___ 2019-05-08 15:40:48 default[20190508t153941]  "GET / HTTP/1.1" 500

2019-05-08 20:19:23,634 INFO     ___FILE_ONLY___ 2019-05-08 15:41:02 default[20190508t153941]  "GET /favicon.ico HTTP/1.1" 500

2019-05-08 20:19:23,634 INFO     ___FILE_ONLY___ 2019-05-08 20:18:54 default[20190508t201739]  "GET / HTTP/1.1" 500

2019-05-08 20:19:23,635 INFO     ___FILE_ONLY___ 2019-05-08 20:19:00 default[20190508t201739]  "GET /favicon.ico HTTP/1.1" 500

2019-05-08 20:19:23,635 INFO     ___FILE_ONLY___ 2019-05-08 20:19:05 default[20190508t201739]  "GET / HTTP/1.1" 500

2019-05-08 20:19:23,636 INFO     ___FILE_ONLY___ 2019-05-08 20:19:05 default[20190508t201739]  "GET /favicon.ico HTTP/1.1" 500

2019-05-08 20:19:33,807 INFO     ___FILE_ONLY___ 2019-05-08 20:19:24 default[20190508t201739]  "GET / HTTP/1.1" 500

2019-05-08 20:19:33,807 INFO     ___FILE_ONLY___ 2019-05-08 20:19:25 default[20190508t201739]  "GET /favicon.ico HTTP/1.1" 500

2019-05-08 20:19:38,835 INFO     ___FILE_ONLY___ 

Command killed by keyboard interrupt


