2019-05-09 10:28:50,997 DEBUG    root            No implementation for release track [GA] for element: [/usr/lib/google-cloud-sdk/lib/surface/tasks]
2019-05-09 10:28:51,005 DEBUG    root            Loaded Command Group: [u'gcloud', u'feedback']
2019-05-09 10:28:51,007 DEBUG    root            Loaded Command Group: [u'gcloud', u'app']
2019-05-09 10:28:51,009 DEBUG    root            No implementation for release track [GA] for element: [/usr/lib/google-cloud-sdk/lib/surface/access_context_manager]
2019-05-09 10:28:51,010 DEBUG    root            Loaded Command Group: [u'gcloud', u'services']
2019-05-09 10:28:51,013 DEBUG    root            Loaded Command Group: [u'gcloud', u'meta']
2019-05-09 10:28:51,015 DEBUG    root            Loaded Command Group: [u'gcloud', u'composer']
2019-05-09 10:28:51,018 DEBUG    root            Loaded Command Group: [u'gcloud', u'datastore']
2019-05-09 10:28:51,021 DEBUG    root            Loaded Command Group: [u'gcloud', u'help']
2019-05-09 10:28:51,022 DEBUG    root            Loaded Command Group: [u'gcloud', u'iam']
2019-05-09 10:28:51,024 DEBUG    root            No implementation for release track [GA] for element: [/usr/lib/google-cloud-sdk/lib/surface/genomics]
2019-05-09 10:28:51,028 DEBUG    root            Loaded Command Group: [u'gcloud', u'functions']
2019-05-09 10:28:51,040 DEBUG    root            Loaded Command Group: [u'gcloud', u'container']
2019-05-09 10:28:51,042 DEBUG    root            No implementation for release track [GA] for element: [/usr/lib/google-cloud-sdk/lib/surface/billing]
2019-05-09 10:28:51,043 DEBUG    root            No implementation for release track [GA] for element: [/usr/lib/google-cloud-sdk/lib/surface/redis]
2019-05-09 10:28:51,044 DEBUG    root            Loaded Command Group: [u'gcloud', u'source']
2019-05-09 10:28:51,048 DEBUG    root            Loaded Command Group: [u'gcloud', u'init']
2019-05-09 10:28:51,050 DEBUG    root            No implementation for release track [GA] for element: [/usr/lib/google-cloud-sdk/lib/surface/dlp]
2019-05-09 10:28:51,052 DEBUG    root            Loaded Command Group: [u'gcloud', u'kms']
2019-05-09 10:28:51,054 DEBUG    root            No implementation for release track [GA] for element: [/usr/lib/google-cloud-sdk/lib/surface/bigtable]
2019-05-09 10:28:51,055 DEBUG    root            Loaded Command Group: [u'gcloud', u'dns']
2019-05-09 10:28:51,057 DEBUG    root            Loaded Command Group: [u'gcloud', u'config']
2019-05-09 10:28:51,059 DEBUG    root            No implementation for release track [GA] for element: [/usr/lib/google-cloud-sdk/lib/surface/resources]
2019-05-09 10:28:51,060 DEBUG    root            No implementation for release track [GA] for element: [/usr/lib/google-cloud-sdk/lib/surface/cloud_shell]
2019-05-09 10:28:51,061 DEBUG    root            Loaded Command Group: [u'gcloud', u'info']
2019-05-09 10:28:51,265 DEBUG    root            No implementation for release track [GA] for element: [/usr/lib/google-cloud-sdk/lib/surface/interactive]
2019-05-09 10:28:51,266 DEBUG    root            Loaded Command Group: [u'gcloud', u'components']
2019-05-09 10:28:51,269 DEBUG    root            Loaded Command Group: [u'gcloud', u'organizations']
2019-05-09 10:28:51,271 DEBUG    root            Loaded Command Group: [u'gcloud', u'dataproc']
2019-05-09 10:28:51,295 DEBUG    root            Loaded Command Group: [u'gcloud', u'ml_engine']
2019-05-09 10:28:51,298 DEBUG    root            Loaded Command Group: [u'gcloud', u'iot']
2019-05-09 10:28:51,301 DEBUG    root            No implementation for release track [GA] for element: [/usr/lib/google-cloud-sdk/lib/surface/emulators]
2019-05-09 10:28:51,302 DEBUG    root            Loaded Command Group: [u'gcloud', u'auth']
2019-05-09 10:28:51,306 DEBUG    root            Loaded Command Group: [u'gcloud', u'debug']
2019-05-09 10:28:51,308 DEBUG    root            Loaded Command Group: [u'gcloud', u'firebase']
2019-05-09 10:28:51,310 DEBUG    root            No implementation for release track [GA] for element: [/usr/lib/google-cloud-sdk/lib/surface/category_manager]
2019-05-09 10:28:51,311 DEBUG    root            No implementation for release track [GA] for element: [/usr/lib/google-cloud-sdk/lib/surface/scheduler]
2019-05-09 10:28:51,311 DEBUG    root            Loaded Command Group: [u'gcloud', u'sql']
2019-05-09 10:28:51,313 DEBUG    root            Loaded Command Group: [u'gcloud', u'spanner']
2019-05-09 10:28:51,315 DEBUG    root            No implementation for release track [GA] for element: [/usr/lib/google-cloud-sdk/lib/surface/monitoring]
2019-05-09 10:28:51,316 DEBUG    root            Loaded Command Group: [u'gcloud', u'version']
2019-05-09 10:28:51,318 DEBUG    root            Loaded Command Group: [u'gcloud', u'projects']
2019-05-09 10:28:51,320 DEBUG    root            No implementation for release track [GA] for element: [/usr/lib/google-cloud-sdk/lib/surface/resource_manager]
2019-05-09 10:28:51,321 DEBUG    root            Loaded Command Group: [u'gcloud', u'topic']
2019-05-09 10:28:51,324 DEBUG    root            Loaded Command Group: [u'gcloud', u'logging']
2019-05-09 10:28:51,334 DEBUG    root            Loaded Command Group: [u'gcloud', u'builds']
2019-05-09 10:28:51,336 DEBUG    root            Loaded Command Group: [u'gcloud', u'service_management']
2019-05-09 10:28:51,338 DEBUG    root            Loaded Command Group: [u'gcloud', u'dataflow']
2019-05-09 10:28:51,340 DEBUG    root            Loaded Command Group: [u'gcloud', u'ml']
2019-05-09 10:28:51,344 DEBUG    root            No implementation for release track [GA] for element: [/usr/lib/google-cloud-sdk/lib/surface/runtime_config]
2019-05-09 10:28:51,349 DEBUG    root            No implementation for release track [GA] for element: [/usr/lib/google-cloud-sdk/lib/surface/search_help]
2019-05-09 10:28:51,350 DEBUG    root            No implementation for release track [GA] for element: [/usr/lib/google-cloud-sdk/lib/surface/error_reporting]
2019-05-09 10:28:51,351 DEBUG    root            Loaded Command Group: [u'gcloud', u'domains']
2019-05-09 10:28:51,353 DEBUG    root            No implementation for release track [GA] for element: [/usr/lib/google-cloud-sdk/lib/surface/filestore]
2019-05-09 10:28:51,356 DEBUG    root            Loaded Command Group: [u'gcloud', u'docker']
2019-05-09 10:28:51,359 DEBUG    root            Loaded Command Group: [u'gcloud', u'endpoints']
2019-05-09 10:28:51,361 DEBUG    root            Loaded Command Group: [u'gcloud', u'pubsub']
2019-05-09 10:28:51,363 DEBUG    root            Loaded Command Group: [u'gcloud', u'deployment_manager']
2019-05-09 10:28:51,366 ERROR    root            (gcloud) Invalid choice: 'cloud_sql_proxy'.
