2019-05-09 10:29:47,913 DEBUG    root            No implementation for release track [GA] for element: [/usr/lib/google-cloud-sdk/lib/surface/tasks]
2019-05-09 10:29:47,914 DEBUG    root            Loaded Command Group: [u'gcloud', u'feedback']
2019-05-09 10:29:47,915 DEBUG    root            Loaded Command Group: [u'gcloud', u'app']
2019-05-09 10:29:47,917 DEBUG    root            No implementation for release track [GA] for element: [/usr/lib/google-cloud-sdk/lib/surface/access_context_manager]
2019-05-09 10:29:47,917 DEBUG    root            Loaded Command Group: [u'gcloud', u'services']
2019-05-09 10:29:47,918 DEBUG    root            Loaded Command Group: [u'gcloud', u'meta']
2019-05-09 10:29:47,920 DEBUG    root            Loaded Command Group: [u'gcloud', u'composer']
2019-05-09 10:29:47,921 DEBUG    root            Loaded Command Group: [u'gcloud', u'datastore']
2019-05-09 10:29:47,922 DEBUG    root            Loaded Command Group: [u'gcloud', u'help']
2019-05-09 10:29:47,923 DEBUG    root            Loaded Command Group: [u'gcloud', u'iam']
2019-05-09 10:29:47,924 DEBUG    root            No implementation for release track [GA] for element: [/usr/lib/google-cloud-sdk/lib/surface/genomics]
2019-05-09 10:29:47,924 DEBUG    root            Loaded Command Group: [u'gcloud', u'functions']
2019-05-09 10:29:47,927 DEBUG    root            Loaded Command Group: [u'gcloud', u'container']
2019-05-09 10:29:47,928 DEBUG    root            No implementation for release track [GA] for element: [/usr/lib/google-cloud-sdk/lib/surface/billing]
2019-05-09 10:29:47,929 DEBUG    root            No implementation for release track [GA] for element: [/usr/lib/google-cloud-sdk/lib/surface/redis]
2019-05-09 10:29:47,929 DEBUG    root            Loaded Command Group: [u'gcloud', u'source']
2019-05-09 10:29:47,932 DEBUG    root            Loaded Command Group: [u'gcloud', u'init']
2019-05-09 10:29:47,933 DEBUG    root            No implementation for release track [GA] for element: [/usr/lib/google-cloud-sdk/lib/surface/dlp]
2019-05-09 10:29:47,933 DEBUG    root            Loaded Command Group: [u'gcloud', u'kms']
2019-05-09 10:29:47,934 DEBUG    root            No implementation for release track [GA] for element: [/usr/lib/google-cloud-sdk/lib/surface/bigtable]
2019-05-09 10:29:47,935 DEBUG    root            Loaded Command Group: [u'gcloud', u'dns']
2019-05-09 10:29:47,936 DEBUG    root            Loaded Command Group: [u'gcloud', u'config']
2019-05-09 10:29:47,937 DEBUG    root            No implementation for release track [GA] for element: [/usr/lib/google-cloud-sdk/lib/surface/resources]
2019-05-09 10:29:47,938 DEBUG    root            No implementation for release track [GA] for element: [/usr/lib/google-cloud-sdk/lib/surface/cloud_shell]
2019-05-09 10:29:47,938 DEBUG    root            Loaded Command Group: [u'gcloud', u'info']
2019-05-09 10:29:48,000 DEBUG    root            No implementation for release track [GA] for element: [/usr/lib/google-cloud-sdk/lib/surface/interactive]
2019-05-09 10:29:48,001 DEBUG    root            Loaded Command Group: [u'gcloud', u'components']
2019-05-09 10:29:48,003 DEBUG    root            Loaded Command Group: [u'gcloud', u'organizations']
2019-05-09 10:29:48,004 DEBUG    root            Loaded Command Group: [u'gcloud', u'dataproc']
2019-05-09 10:29:48,013 DEBUG    root            Loaded Command Group: [u'gcloud', u'ml_engine']
2019-05-09 10:29:48,014 DEBUG    root            Loaded Command Group: [u'gcloud', u'iot']
2019-05-09 10:29:48,016 DEBUG    root            No implementation for release track [GA] for element: [/usr/lib/google-cloud-sdk/lib/surface/emulators]
2019-05-09 10:29:48,017 DEBUG    root            Loaded Command Group: [u'gcloud', u'auth']
2019-05-09 10:29:48,018 DEBUG    root            Loaded Command Group: [u'gcloud', u'debug']
2019-05-09 10:29:48,019 DEBUG    root            Loaded Command Group: [u'gcloud', u'firebase']
2019-05-09 10:29:48,020 DEBUG    root            No implementation for release track [GA] for element: [/usr/lib/google-cloud-sdk/lib/surface/category_manager]
2019-05-09 10:29:48,020 DEBUG    root            No implementation for release track [GA] for element: [/usr/lib/google-cloud-sdk/lib/surface/scheduler]
2019-05-09 10:29:48,021 DEBUG    root            Loaded Command Group: [u'gcloud', u'sql']
2019-05-09 10:29:48,022 DEBUG    root            Loaded Command Group: [u'gcloud', u'spanner']
2019-05-09 10:29:48,023 DEBUG    root            No implementation for release track [GA] for element: [/usr/lib/google-cloud-sdk/lib/surface/monitoring]
2019-05-09 10:29:48,023 DEBUG    root            Loaded Command Group: [u'gcloud', u'version']
2019-05-09 10:29:48,024 DEBUG    root            Loaded Command Group: [u'gcloud', u'projects']
2019-05-09 10:29:48,025 DEBUG    root            No implementation for release track [GA] for element: [/usr/lib/google-cloud-sdk/lib/surface/resource_manager]
2019-05-09 10:29:48,026 DEBUG    root            Loaded Command Group: [u'gcloud', u'topic']
2019-05-09 10:29:48,027 DEBUG    root            Loaded Command Group: [u'gcloud', u'logging']
2019-05-09 10:29:48,028 DEBUG    root            Loaded Command Group: [u'gcloud', u'builds']
2019-05-09 10:29:48,029 DEBUG    root            Loaded Command Group: [u'gcloud', u'service_management']
2019-05-09 10:29:48,031 DEBUG    root            Loaded Command Group: [u'gcloud', u'dataflow']
2019-05-09 10:29:48,032 DEBUG    root            Loaded Command Group: [u'gcloud', u'ml']
2019-05-09 10:29:48,033 DEBUG    root            No implementation for release track [GA] for element: [/usr/lib/google-cloud-sdk/lib/surface/runtime_config]
2019-05-09 10:29:48,034 DEBUG    root            No implementation for release track [GA] for element: [/usr/lib/google-cloud-sdk/lib/surface/search_help]
2019-05-09 10:29:48,034 DEBUG    root            No implementation for release track [GA] for element: [/usr/lib/google-cloud-sdk/lib/surface/error_reporting]
2019-05-09 10:29:48,034 DEBUG    root            Loaded Command Group: [u'gcloud', u'domains']
2019-05-09 10:29:48,035 DEBUG    root            No implementation for release track [GA] for element: [/usr/lib/google-cloud-sdk/lib/surface/filestore]
2019-05-09 10:29:48,037 DEBUG    root            Loaded Command Group: [u'gcloud', u'docker']
2019-05-09 10:29:48,038 DEBUG    root            Loaded Command Group: [u'gcloud', u'endpoints']
2019-05-09 10:29:48,039 DEBUG    root            Loaded Command Group: [u'gcloud', u'pubsub']
2019-05-09 10:29:48,040 DEBUG    root            Loaded Command Group: [u'gcloud', u'deployment_manager']
2019-05-09 10:29:48,042 ERROR    root            (gcloud) Invalid choice: 'cloud_sql_proxy'.
