2019-05-09 16:36:13,064 DEBUG    root            Loaded Command Group: [u'gcloud', u'app']
2019-05-09 16:36:13,066 DEBUG    root            Loaded Command Group: [u'gcloud', u'app', u'logs']
2019-05-09 16:36:13,103 DEBUG    root            Loaded Command Group: [u'gcloud', u'app', u'logs', u'tail']
2019-05-09 16:36:13,105 DEBUG    root            Running [gcloud.app.logs.tail] with arguments: [--service: "default"]
2019-05-09 16:36:13,107 INFO     ___FILE_ONLY___ Waiting for new log entries...

2019-05-09 16:36:15,578 INFO     ___FILE_ONLY___ 2019-05-08 14:41:30 default[20190508t144048]  "GET / HTTP/1.1" 500

2019-05-09 16:36:15,579 INFO     ___FILE_ONLY___ 2019-05-08 14:41:44 default[20190508t144048]  "GET /favicon.ico HTTP/1.1" 500

2019-05-09 16:36:15,579 INFO     ___FILE_ONLY___ 2019-05-08 14:43:11 default[20190508t144048]  "GET /home HTTP/1.1" 500

2019-05-09 16:36:15,580 INFO     ___FILE_ONLY___ 2019-05-08 14:43:12 default[20190508t144048]  "GET /favicon.ico HTTP/1.1" 500

2019-05-09 16:36:15,580 INFO     ___FILE_ONLY___ 2019-05-08 14:43:15 default[20190508t144048]  "GET /home HTTP/1.1" 500

2019-05-09 16:36:15,581 INFO     ___FILE_ONLY___ 2019-05-08 14:43:16 default[20190508t144048]  "GET /favicon.ico HTTP/1.1" 500

2019-05-09 16:36:15,581 INFO     ___FILE_ONLY___ 2019-05-08 14:43:17 default[20190508t144048]  "GET /home HTTP/1.1" 500

2019-05-09 16:36:15,582 INFO     ___FILE_ONLY___ 2019-05-08 14:43:18 default[20190508t144048]  "GET /favicon.ico HTTP/1.1" 500

2019-05-09 16:36:15,582 INFO     ___FILE_ONLY___ 2019-05-08 14:45:21 default[20190508t144443]  "GET / HTTP/1.1" 500

2019-05-09 16:36:15,583 INFO     ___FILE_ONLY___ 2019-05-08 14:45:25 default[20190508t144443]  "GET /favicon.ico HTTP/1.1" 500

2019-05-09 16:36:15,583 INFO     ___FILE_ONLY___ 2019-05-08 14:45:36 default[20190508t144443]  "GET / HTTP/1.1" 500

2019-05-09 16:36:15,584 INFO     ___FILE_ONLY___ 2019-05-08 14:45:37 default[20190508t144443]  "GET /favicon.ico HTTP/1.1" 500

2019-05-09 16:36:15,584 INFO     ___FILE_ONLY___ 2019-05-08 14:45:48 default[20190508t144443]  "GET / HTTP/1.1" 500

2019-05-09 16:36:15,585 INFO     ___FILE_ONLY___ 2019-05-08 14:45:48 default[20190508t144443]  "GET /favicon.ico HTTP/1.1" 500

2019-05-09 16:36:15,585 INFO     ___FILE_ONLY___ 2019-05-08 14:47:36 default[20190508t144443]  "GET / HTTP/1.1" 500

2019-05-09 16:36:15,585 INFO     ___FILE_ONLY___ 2019-05-08 14:47:36 default[20190508t144443]  "GET /favicon.ico HTTP/1.1" 500

2019-05-09 16:36:15,586 INFO     ___FILE_ONLY___ 2019-05-08 14:53:15 default[20190508t144654]  "GET / HTTP/1.1" 500

2019-05-09 16:36:15,586 INFO     ___FILE_ONLY___ 2019-05-08 14:53:17 default[20190508t144654]  "GET /favicon.ico HTTP/1.1" 500

2019-05-09 16:36:15,587 INFO     ___FILE_ONLY___ 2019-05-08 14:54:37 default[20190508t144654]  "GET / HTTP/1.1" 500

2019-05-09 16:36:15,587 INFO     ___FILE_ONLY___ 2019-05-08 14:54:38 default[20190508t144654]  "GET /favicon.ico HTTP/1.1" 500

2019-05-09 16:36:15,588 INFO     ___FILE_ONLY___ 2019-05-08 14:54:59 default[20190508t144654]  "GET / HTTP/1.1" 500

2019-05-09 16:36:15,588 INFO     ___FILE_ONLY___ 2019-05-08 14:54:59 default[20190508t144654]  "GET /favicon.ico HTTP/1.1" 500

2019-05-09 16:36:15,589 INFO     ___FILE_ONLY___ 2019-05-08 14:55:40 default[20190508t144654]  "GET /favicon.ico HTTP/1.1" 500

2019-05-09 16:36:15,589 INFO     ___FILE_ONLY___ 2019-05-08 14:55:41 default[20190508t144654]  "GET /favicon.ico HTTP/1.1" 500

2019-05-09 16:36:15,590 INFO     ___FILE_ONLY___ 2019-05-08 15:04:20 default[20190508t144654]  "GET / HTTP/1.1" 500

2019-05-09 16:36:15,590 INFO     ___FILE_ONLY___ 2019-05-08 15:04:21 default[20190508t144654]  "GET /favicon.ico HTTP/1.1" 500

2019-05-09 16:36:15,591 INFO     ___FILE_ONLY___ 2019-05-08 15:07:57 default[20190508t150602]  "GET / HTTP/1.1" 500

2019-05-09 16:36:15,591 INFO     ___FILE_ONLY___ 2019-05-08 15:08:01 default[20190508t150602]  "GET / HTTP/1.1" 500

2019-05-09 16:36:15,592 INFO     ___FILE_ONLY___ 2019-05-08 15:08:05 default[20190508t150602]  "GET /favicon.ico HTTP/1.1" 500

2019-05-09 16:36:15,592 INFO     ___FILE_ONLY___ 2019-05-08 15:08:17 default[20190508t150602]  "GET / HTTP/1.1" 500

2019-05-09 16:36:15,592 INFO     ___FILE_ONLY___ 2019-05-08 15:08:18 default[20190508t150602]  "GET /favicon.ico HTTP/1.1" 500

2019-05-09 16:36:15,593 INFO     ___FILE_ONLY___ 2019-05-08 15:11:16 default[20190508t150602]  "GET / HTTP/1.1" 500

2019-05-09 16:36:15,594 INFO     ___FILE_ONLY___ 2019-05-08 15:11:17 default[20190508t150602]  "GET /favicon.ico HTTP/1.1" 500

2019-05-09 16:36:15,594 INFO     ___FILE_ONLY___ 2019-05-08 15:20:29 default[20190508t151939]  "GET / HTTP/1.1" 500

2019-05-09 16:36:15,594 INFO     ___FILE_ONLY___ 2019-05-08 15:20:33 default[20190508t151939]  "GET /favicon.ico HTTP/1.1" 500

2019-05-09 16:36:15,595 INFO     ___FILE_ONLY___ 2019-05-08 15:20:42 default[20190508t151939]  "GET / HTTP/1.1" 500

2019-05-09 16:36:15,595 INFO     ___FILE_ONLY___ 2019-05-08 15:20:43 default[20190508t151939]  "GET /favicon.ico HTTP/1.1" 500

2019-05-09 16:36:15,596 INFO     ___FILE_ONLY___ 2019-05-08 15:22:17 default[20190508t152124]  "GET / HTTP/1.1" 500

2019-05-09 16:36:15,596 INFO     ___FILE_ONLY___ 2019-05-08 15:22:20 default[20190508t152124]  "GET /favicon.ico HTTP/1.1" 500

2019-05-09 16:36:15,597 INFO     ___FILE_ONLY___ 2019-05-08 15:23:33 default[20190508t152251]  "GET / HTTP/1.1" 500

2019-05-09 16:36:15,597 INFO     ___FILE_ONLY___ 2019-05-08 15:23:34 default[20190508t152251]  "GET / HTTP/1.1" 500

2019-05-09 16:36:15,598 INFO     ___FILE_ONLY___ 2019-05-08 15:23:37 default[20190508t152251]  "GET /favicon.ico HTTP/1.1" 500

2019-05-09 16:36:15,598 INFO     ___FILE_ONLY___ 2019-05-08 15:26:28 default[20190508t152530]  "GET / HTTP/1.1" 500

2019-05-09 16:36:15,599 INFO     ___FILE_ONLY___ 2019-05-08 15:26:33 default[20190508t152530]  "GET /favicon.ico HTTP/1.1" 500

2019-05-09 16:36:15,599 INFO     ___FILE_ONLY___ 2019-05-08 15:26:49 default[20190508t152530]  "GET / HTTP/1.1" 500

2019-05-09 16:36:15,600 INFO     ___FILE_ONLY___ 2019-05-08 15:26:50 default[20190508t152530]  "GET /favicon.ico HTTP/1.1" 500

2019-05-09 16:36:15,600 INFO     ___FILE_ONLY___ 2019-05-08 15:31:15 default[20190508t152530]  "GET / HTTP/1.1" 500

2019-05-09 16:36:15,600 INFO     ___FILE_ONLY___ 2019-05-08 15:31:16 default[20190508t152530]  "GET /favicon.ico HTTP/1.1" 500

2019-05-09 16:36:15,601 INFO     ___FILE_ONLY___ 2019-05-08 15:31:35 default[20190508t153029]  "GET / HTTP/1.1" 500

2019-05-09 16:36:15,601 INFO     ___FILE_ONLY___ 2019-05-08 15:31:40 default[20190508t153029]  "GET /favicon.ico HTTP/1.1" 500

2019-05-09 16:36:15,602 INFO     ___FILE_ONLY___ 2019-05-08 15:34:47 default[20190508t153339]  "GET / HTTP/1.1" 500

2019-05-09 16:36:15,602 INFO     ___FILE_ONLY___ 2019-05-08 15:34:51 default[20190508t153339]  "GET /favicon.ico HTTP/1.1" 500

2019-05-09 16:36:15,603 INFO     ___FILE_ONLY___ 2019-05-08 15:40:48 default[20190508t153941]  "GET / HTTP/1.1" 500

2019-05-09 16:36:15,603 INFO     ___FILE_ONLY___ 2019-05-08 15:41:02 default[20190508t153941]  "GET /favicon.ico HTTP/1.1" 500

2019-05-09 16:36:15,604 INFO     ___FILE_ONLY___ 2019-05-08 20:18:54 default[20190508t201739]  "GET / HTTP/1.1" 500

2019-05-09 16:36:15,604 INFO     ___FILE_ONLY___ 2019-05-08 20:19:00 default[20190508t201739]  "GET /favicon.ico HTTP/1.1" 500

2019-05-09 16:36:15,605 INFO     ___FILE_ONLY___ 2019-05-08 20:19:05 default[20190508t201739]  "GET / HTTP/1.1" 500

2019-05-09 16:36:15,605 INFO     ___FILE_ONLY___ 2019-05-08 20:19:05 default[20190508t201739]  "GET /favicon.ico HTTP/1.1" 500

2019-05-09 16:36:15,606 INFO     ___FILE_ONLY___ 2019-05-08 20:19:24 default[20190508t201739]  "GET / HTTP/1.1" 500

2019-05-09 16:36:15,606 INFO     ___FILE_ONLY___ 2019-05-08 20:19:25 default[20190508t201739]  "GET /favicon.ico HTTP/1.1" 500

2019-05-09 16:36:15,607 INFO     ___FILE_ONLY___ 2019-05-08 20:21:09 default[20190508t202019]  "GET / HTTP/1.1" 500

2019-05-09 16:36:15,607 INFO     ___FILE_ONLY___ 2019-05-08 20:21:14 default[20190508t202019]  "GET /favicon.ico HTTP/1.1" 500

2019-05-09 16:36:15,608 INFO     ___FILE_ONLY___ 2019-05-09 11:23:43 default[20190509t112239]  "GET / HTTP/1.1" 500

2019-05-09 16:36:15,608 INFO     ___FILE_ONLY___ 2019-05-09 11:23:45 default[20190509t112239]  "GET /favicon.ico HTTP/1.1" 500

2019-05-09 16:36:15,609 INFO     ___FILE_ONLY___ 2019-05-09 11:23:53 default[20190509t112239]  "GET /sensors/sensor_id/SB02 HTTP/1.1" 500

2019-05-09 16:36:15,609 INFO     ___FILE_ONLY___ 2019-05-09 11:23:54 default[20190509t112239]  "GET /favicon.ico HTTP/1.1" 500

2019-05-09 16:36:15,609 INFO     ___FILE_ONLY___ 2019-05-09 11:23:56 default[20190509t112239]  "GET /sensors/sensor_id/SB02 HTTP/1.1" 500

2019-05-09 16:36:15,610 INFO     ___FILE_ONLY___ 2019-05-09 11:23:57 default[20190509t112239]  "GET /favicon.ico HTTP/1.1" 500

2019-05-09 16:36:15,610 INFO     ___FILE_ONLY___ 2019-05-09 11:24:19 default[20190509t112239]  "GET /sensors/sensor_id/SB02 HTTP/1.1" 500

2019-05-09 16:36:15,611 INFO     ___FILE_ONLY___ 2019-05-09 11:24:19 default[20190509t112239]  "GET /favicon.ico HTTP/1.1" 500

2019-05-09 16:36:15,611 INFO     ___FILE_ONLY___ 2019-05-09 15:36:43 default[20190509t153523]  "GET / HTTP/1.1" 404

2019-05-09 16:36:15,612 INFO     ___FILE_ONLY___ 2019-05-09 15:36:46 default[20190509t153523]  "GET /favicon.ico HTTP/1.1" 404

2019-05-09 16:36:15,612 INFO     ___FILE_ONLY___ 2019-05-09 15:37:09 default[20190509t153523]  "GET /api/v1/SmartBin/sensor_id/SB02 HTTP/1.1" 200

2019-05-09 16:36:15,613 INFO     ___FILE_ONLY___ 2019-05-09 15:37:19 default[20190509t153523]  "GET /api/v1/SmartBin/sensor_id/SB02 HTTP/1.1" 200

2019-05-09 16:36:15,613 INFO     ___FILE_ONLY___ 2019-05-09 15:37:21 default[20190509t153523]  "GET /api/v1/SmartBin/sensor_id/SB02 HTTP/1.1" 200

2019-05-09 16:36:15,614 INFO     ___FILE_ONLY___ 2019-05-09 15:37:24 default[20190509t153523]  "GET /api/v1/SmartBin/sensor_id/SB02 HTTP/1.1" 200

2019-05-09 16:36:15,614 INFO     ___FILE_ONLY___ 2019-05-09 15:37:25 default[20190509t153523]  "GET /favicon.ico HTTP/1.1" 404

2019-05-09 16:36:15,615 INFO     ___FILE_ONLY___ 2019-05-09 15:37:29 default[20190509t153523]  "GET /api/v1/SmartBin/sensor_id/SB02 HTTP/1.1" 200

2019-05-09 16:36:15,615 INFO     ___FILE_ONLY___ 2019-05-09 15:37:37 default[20190509t153523]  "GET / HTTP/1.1" 404

2019-05-09 16:36:15,615 INFO     ___FILE_ONLY___ 2019-05-09 15:37:37 default[20190509t153523]  "GET /favicon.ico HTTP/1.1" 404

2019-05-09 16:36:15,616 INFO     ___FILE_ONLY___ 2019-05-09 15:37:39 default[20190509t153523]  "GET / HTTP/1.1" 404

2019-05-09 16:36:15,616 INFO     ___FILE_ONLY___ 2019-05-09 15:37:56 default[20190509t153523]  "GET /api/v1/SmartBin/sensor_id/SB02 HTTP/1.1" 200

2019-05-09 16:36:15,617 INFO     ___FILE_ONLY___ 2019-05-09 15:38:54 default[20190509t153523]  "GET /api/v1/sensor_id/SB02 HTTP/1.1" 404

2019-05-09 16:36:15,617 INFO     ___FILE_ONLY___ 2019-05-09 15:43:52 default[20190509t153523]  "GET /api/v1/sensor_id/SB02 HTTP/1.1" 404

2019-05-09 16:36:15,618 INFO     ___FILE_ONLY___ 2019-05-09 15:44:19 default[20190509t153523]  "GET /api/v1/SmartBin/sensor_id/SB02 HTTP/1.1" 200

2019-05-09 16:36:15,618 INFO     ___FILE_ONLY___ 2019-05-09 15:52:43 default[20190509t155147]  "GET /api/v1/sensor_id/SB02 HTTP/1.1" 500

2019-05-09 16:36:15,619 INFO     ___FILE_ONLY___ 2019-05-09 15:52:53 default[20190509t155147]  "GET /favicon.ico HTTP/1.1" 500

2019-05-09 16:36:15,619 INFO     ___FILE_ONLY___ 2019-05-09 15:53:05 default[20190509t155147]  "GET /api/v1/sensor_id/SB02 HTTP/1.1" 500

2019-05-09 16:36:15,620 INFO     ___FILE_ONLY___ 2019-05-09 15:53:11 default[20190509t155147]  "GET /api/v1/smartBin HTTP/1.1" 500

2019-05-09 16:36:15,620 INFO     ___FILE_ONLY___ 2019-05-09 15:53:11 default[20190509t155147]  "GET /favicon.ico HTTP/1.1" 500

2019-05-09 16:36:15,621 INFO     ___FILE_ONLY___ 2019-05-09 15:53:20 default[20190509t155147]  "GET /api/v1/SmartBin HTTP/1.1" 500

2019-05-09 16:36:15,621 INFO     ___FILE_ONLY___ 2019-05-09 15:53:20 default[20190509t155147]  "GET /favicon.ico HTTP/1.1" 500

2019-05-09 16:36:15,622 INFO     ___FILE_ONLY___ 2019-05-09 15:53:39 default[20190509t155147]  "GET /api/v1/SmartBin/sensor_id/SB02 HTTP/1.1" 500

2019-05-09 16:36:15,622 INFO     ___FILE_ONLY___ 2019-05-09 15:53:40 default[20190509t155147]  "GET /api/v1/SmartBin/sensor_id/SB02 HTTP/1.1" 500

2019-05-09 16:36:15,622 INFO     ___FILE_ONLY___ 2019-05-09 15:53:40 default[20190509t155147]  "GET /favicon.ico HTTP/1.1" 500

2019-05-09 16:36:15,623 INFO     ___FILE_ONLY___ 2019-05-09 15:54:54 default[20190509t155147]  "GET / HTTP/1.1" 500

2019-05-09 16:36:15,623 INFO     ___FILE_ONLY___ 2019-05-09 15:57:35 default[20190509t155147]  "GET /api/v1/SmartBin HTTP/1.1" 500

2019-05-09 16:36:15,624 INFO     ___FILE_ONLY___ 2019-05-09 15:57:38 default[20190509t155147]  "GET /api/v1/SmartBin HTTP/1.1" 500

2019-05-09 16:36:15,624 INFO     ___FILE_ONLY___ 2019-05-09 15:58:04 default[20190509t155701]  "GET /api/v1/SmartBin/sensor_id/SB02 HTTP/1.1" 200

2019-05-09 16:36:15,625 INFO     ___FILE_ONLY___ 2019-05-09 16:02:56 default[20190509t160155]  "GET /sensors/sensor_id/SB02 HTTP/1.1" 404

2019-05-09 16:36:15,625 INFO     ___FILE_ONLY___ 2019-05-09 16:03:08 default[20190509t160155]  "GET /SmartBin/sensors/sensor_id/SB02 HTTP/1.1" 404

2019-05-09 16:36:15,626 INFO     ___FILE_ONLY___ 2019-05-09 16:03:18 default[20190509t160155]  "GET /SmartBin/sensors/sensor_id/SB02 HTTP/1.1" 404

2019-05-09 16:36:15,626 INFO     ___FILE_ONLY___ 2019-05-09 16:03:20 default[20190509t160155]  "GET /SmartBin/sensors/sensor_id/SB02 HTTP/1.1" 404

2019-05-09 16:36:15,627 INFO     ___FILE_ONLY___ 2019-05-09 16:03:25 default[20190509t160155]  "GET /SmartBin/sensor_id/SB02 HTTP/1.1" 404

2019-05-09 16:36:15,627 INFO     ___FILE_ONLY___ 2019-05-09 16:03:35 default[20190509t160155]  "GET /api/v1/SmartBin/sensor_id/SB02 HTTP/1.1" 200

2019-05-09 16:36:15,628 INFO     ___FILE_ONLY___ 2019-05-09 16:03:41 default[20190509t160155]  "GET /api/v1/SmartBin HTTP/1.1" 301

2019-05-09 16:36:15,628 INFO     ___FILE_ONLY___ 2019-05-09 16:03:41 default[20190509t160155]  "GET /api/v1/SmartBin/ HTTP/1.1" 200

2019-05-09 16:36:15,629 INFO     ___FILE_ONLY___ 2019-05-09 16:27:04 default[20190509t162547]  "GET / HTTP/1.1" 500

2019-05-09 16:36:15,629 INFO     ___FILE_ONLY___ 2019-05-09 16:29:18 default[20190509t162748]  "GET /api/v1/SmartBin/sensor_id/SB02 HTTP/1.1" 500

2019-05-09 16:36:15,630 INFO     ___FILE_ONLY___ 2019-05-09 16:29:27 default[20190509t162748]  "GET / HTTP/1.1" 500

2019-05-09 16:36:15,630 INFO     ___FILE_ONLY___ 2019-05-09 16:29:30 default[20190509t162748]  "GET /api/v1/SmartBin/sensor_id/SB02 HTTP/1.1" 500

2019-05-09 16:36:15,630 INFO     ___FILE_ONLY___ 2019-05-09 16:29:38 default[20190509t162748]  "GET /api/v1/SmartBin/sensor_id/SB02 HTTP/1.1" 500

2019-05-09 16:36:15,631 INFO     ___FILE_ONLY___ 2019-05-09 16:29:46 default[20190509t162748]  "GET /api/v1/SmartBin/sensor_id/SB02 HTTP/1.1" 500

2019-05-09 16:36:15,631 INFO     ___FILE_ONLY___ 2019-05-09 16:30:32 default[20190509t162748]  "GET /api/v1/SmartBin/sensor_id/SB02 HTTP/1.1" 500

2019-05-09 16:36:15,632 INFO     ___FILE_ONLY___ 2019-05-09 16:30:58 default[20190509t162748]  "GET /api/v1/SmartBin/sensor_id/SB02 HTTP/1.1" 500

2019-05-09 16:36:15,632 INFO     ___FILE_ONLY___ 2019-05-09 16:30:59 default[20190509t162748]  "GET /favicon.ico HTTP/1.1" 500

2019-05-09 16:36:15,633 INFO     ___FILE_ONLY___ 2019-05-09 16:31:11 default[20190509t162748]  "GET /api/v1/SmartBin/sensor_id/SB02 HTTP/1.1" 500

2019-05-09 16:36:15,633 INFO     ___FILE_ONLY___ 2019-05-09 16:31:28 default[20190509t162748]  "GET /api/v1/flood_detector/sensor_id/fd01 HTTP/1.1" 500

2019-05-09 16:36:15,634 INFO     ___FILE_ONLY___ 2019-05-09 16:31:28 default[20190509t162748]  "GET /favicon.ico HTTP/1.1" 500

2019-05-09 16:36:15,634 INFO     ___FILE_ONLY___ 2019-05-09 16:31:39 default[20190509t162748]  "GET /api/v1/SmartBin/sensor_id/SB02 HTTP/1.1" 500

2019-05-09 16:36:15,635 INFO     ___FILE_ONLY___ 2019-05-09 16:32:24 default[20190509t162748]  "GET /api/v1/SmartBin/sensor_id/SB02 HTTP/1.1" 500

2019-05-09 16:36:15,635 INFO     ___FILE_ONLY___ 2019-05-09 16:35:51 default[20190509t162748]  "GET /api/v1/SmartBin/sensor_id/SB02 HTTP/1.1" 500

2019-05-09 16:36:15,636 INFO     ___FILE_ONLY___ 2019-05-09 16:35:52 default[20190509t162748]  "GET /favicon.ico HTTP/1.1" 500

2019-05-09 16:36:27,634 INFO     ___FILE_ONLY___ 2019-05-09 16:36:14 default[20190509t163519]  "GET / HTTP/1.1" 500

2019-05-09 17:12:57,150 INFO     ___FILE_ONLY___ 2019-05-09 17:12:40 default[20190509t165658]  "GET /api/v1/SmartBin/sensor_id/SB02 HTTP/1.1" 200

2019-05-09 17:12:57,151 INFO     ___FILE_ONLY___ 2019-05-09 17:12:50 default[20190509t165658]  "GET /api/v1/SmartBin/sensor_id/SB02 HTTP/1.1" 200

2019-05-09 17:12:58,236 INFO     ___FILE_ONLY___ 2019-05-09 17:12:51 default[20190509t165658]  "GET /favicon.ico HTTP/1.1" 404

2019-05-09 17:13:18,871 INFO     ___FILE_ONLY___ 2019-05-09 17:13:02 default[20190509t165658]  "GET / HTTP/1.1" 404

2019-05-09 17:13:18,872 INFO     ___FILE_ONLY___ 2019-05-09 17:13:03 default[20190509t165658]  "GET /favicon.ico HTTP/1.1" 404

2019-05-09 17:21:13,406 INFO     oauth2client.transport Refreshing due to a 401 (attempt 1/2)
2019-05-09 17:21:13,407 INFO     oauth2client.client Refreshing access_token
2019-05-09 18:16:55,828 INFO     ___FILE_ONLY___ 2019-05-09 18:16:36 default[20190509t165658]  "GET /api/v1/SmartBin/sensor_id/SB02 HTTP/1.1" 200

2019-05-09 18:16:55,829 INFO     ___FILE_ONLY___ 2019-05-09 18:16:40 default[20190509t165658]  "GET /favicon.ico HTTP/1.1" 404

2019-05-09 18:21:13,977 INFO     oauth2client.client Refreshing access_token
2019-05-09 18:24:19,160 INFO     ___FILE_ONLY___ 

Command killed by keyboard interrupt


